<?xml version="1.0" encoding="UTF-8"?>
<!-- Generated by org.testng.reporters.JUnitXMLReporter -->
<testsuite hostname="PFTBLR-LT-142" ignored="0" name="Test" tests="11" failures="0" timestamp="20 Jun 2019 14:33:39 GMT" time="10.196" errors="0">
  <testcase name="@BeforeTest Login" time="10.049" classname="com.crm.qa.testcases.SanityScreenerTest">
    <failure type="org.openqa.selenium.NoSuchWindowException" message="no such window: target window already closed
from unknown error: web view not found
  (Session info: chrome=74.0.3729.169)
  (Driver info: chromedriver=74.0.3729.6 (255758eccf3d244491b8a1317aa76e1ce10d57e9-refs/branch-heads/3729@{#29}),platform=Windows NT 10.0.15063 x86_64) (WARNING: The server did not provide any stacktrace information)
Command duration or timeout: 0 milliseconds
Build info: version: &amp;apos;3.13.0&amp;apos;, revision: &amp;apos;2f0d292&amp;apos;, time: &amp;apos;2018-06-25T15:24:21.231Z&amp;apos;
System info: host: &amp;apos;PFTBLR-LT-142&amp;apos;, ip: &amp;apos;10.1.182.238&amp;apos;, os.name: &amp;apos;Windows 10&amp;apos;, os.arch: &amp;apos;amd64&amp;apos;, os.version: &amp;apos;10.0&amp;apos;, java.version: &amp;apos;1.8.0_144&amp;apos;
Driver info: org.openqa.selenium.chrome.ChromeDriver
Capabilities {acceptInsecureCerts: false, acceptSslCerts: false, applicationCacheEnabled: false, browserConnectionEnabled: false, browserName: chrome, chrome: {chromedriverVersion: 74.0.3729.6 (255758eccf3d24..., userDataDir: C:\Users\NAGESH~1.SHA\AppDa...}, cssSelectorsEnabled: true, databaseEnabled: false, goog:chromeOptions: {debuggerAddress: localhost:61204}, handlesAlerts: true, hasTouchScreen: false, javascriptEnabled: true, locationContextEnabled: true, mobileEmulationEnabled: false, nativeEvents: true, networkConnectionEnabled: false, pageLoadStrategy: normal, platform: XP, platformName: XP, proxy: Proxy(), rotatable: false, setWindowRect: true, strictFileInteractability: false, takesHeapSnapshot: true, takesScreenshot: true, timeouts: {implicit: 0, pageLoad: 300000, script: 30000}, unexpectedAlertBehaviour: ignore, unhandledPromptBehavior: ignore, version: 74.0.3729.169, webStorageEnabled: true}
Session ID: cd0cc9bc00e85b50083a5c47044177b3
*** Element info: {Using=link text, value=Click Here}">
      <![CDATA[org.openqa.selenium.NoSuchWindowException: no such window: target window already closed
from unknown error: web view not found
  (Session info: chrome=74.0.3729.169)
  (Driver info: chromedriver=74.0.3729.6 (255758eccf3d244491b8a1317aa76e1ce10d57e9-refs/branch-heads/3729@{#29}),platform=Windows NT 10.0.15063 x86_64) (WARNING: The server did not provide any stacktrace information)
Command duration or timeout: 0 milliseconds
Build info: version: '3.13.0', revision: '2f0d292', time: '2018-06-25T15:24:21.231Z'
System info: host: 'PFTBLR-LT-142', ip: '10.1.182.238', os.name: 'Windows 10', os.arch: 'amd64', os.version: '10.0', java.version: '1.8.0_144'
Driver info: org.openqa.selenium.chrome.ChromeDriver
Capabilities {acceptInsecureCerts: false, acceptSslCerts: false, applicationCacheEnabled: false, browserConnectionEnabled: false, browserName: chrome, chrome: {chromedriverVersion: 74.0.3729.6 (255758eccf3d24..., userDataDir: C:\Users\NAGESH~1.SHA\AppDa...}, cssSelectorsEnabled: true, databaseEnabled: false, goog:chromeOptions: {debuggerAddress: localhost:61204}, handlesAlerts: true, hasTouchScreen: false, javascriptEnabled: true, locationContextEnabled: true, mobileEmulationEnabled: false, nativeEvents: true, networkConnectionEnabled: false, pageLoadStrategy: normal, platform: XP, platformName: XP, proxy: Proxy(), rotatable: false, setWindowRect: true, strictFileInteractability: false, takesHeapSnapshot: true, takesScreenshot: true, timeouts: {implicit: 0, pageLoad: 300000, script: 30000}, unexpectedAlertBehaviour: ignore, unhandledPromptBehavior: ignore, version: 74.0.3729.169, webStorageEnabled: true}
Session ID: cd0cc9bc00e85b50083a5c47044177b3
*** Element info: {Using=link text, value=Click Here}
	at org.openqa.selenium.remote.ErrorHandler.createThrowable(ErrorHandler.java:214)
	at org.openqa.selenium.remote.ErrorHandler.throwIfResponseFailed(ErrorHandler.java:166)
	at org.openqa.selenium.remote.http.JsonHttpResponseCodec.reconstructValue(JsonHttpResponseCodec.java:40)
	at org.openqa.selenium.remote.http.AbstractHttpResponseCodec.decode(AbstractHttpResponseCodec.java:80)
	at org.openqa.selenium.remote.http.AbstractHttpResponseCodec.decode(AbstractHttpResponseCodec.java:44)
	at org.openqa.selenium.remote.HttpCommandExecutor.execute(HttpCommandExecutor.java:158)
	at org.openqa.selenium.remote.service.DriverCommandExecutor.execute(DriverCommandExecutor.java:83)
	at org.openqa.selenium.remote.RemoteWebDriver.execute(RemoteWebDriver.java:548)
	at org.openqa.selenium.remote.RemoteWebDriver.findElement(RemoteWebDriver.java:322)
	at org.openqa.selenium.remote.RemoteWebDriver.findElementByLinkText(RemoteWebDriver.java:376)
	at org.openqa.selenium.By$ByLinkText.findElement(By.java:220)
	at org.openqa.selenium.remote.RemoteWebDriver.findElement(RemoteWebDriver.java:314)
	at com.crm.qa.base.TestBase.intilization(TestBase.java:62)
	at com.crm.qa.testcases.SanityScreenerTest.Login(SanityScreenerTest.java:44)
... Removed 27 stack frames]]>
    </failure>
  </testcase> <!-- @BeforeTest Login -->
  <testcase name="VaildateUserLogin" time="0.0" classname="com.crm.qa.testcases.SanityScreenerTest">
    <skipped/>
  </testcase> <!-- VaildateUserLogin -->
  <testcase name="NavigateToLibraryPage" time="0.0" classname="com.crm.qa.testcases.SanityScreenerTest">
    <skipped/>
  </testcase> <!-- NavigateToLibraryPage -->
  <testcase name="DragandDropTheAssets" time="0.0" classname="com.crm.qa.testcases.SanityScreenerTest">
    <skipped/>
  </testcase> <!-- DragandDropTheAssets -->
  <testcase name="InternalPublish" time="0.001" classname="com.crm.qa.testcases.SanityScreenerTest">
    <skipped/>
  </testcase> <!-- InternalPublish -->
  <testcase name="ExternalPublish" time="0.0" classname="com.crm.qa.testcases.SanityScreenerTest">
    <skipped/>
  </testcase> <!-- ExternalPublish -->
  <testcase name="RequestExtension" time="0.0" classname="com.crm.qa.testcases.SanityScreenerTest">
    <skipped/>
  </testcase> <!-- RequestExtension -->
  <testcase name="EditExtension" time="0.0" classname="com.crm.qa.testcases.SanityScreenerTest">
    <skipped/>
  </testcase> <!-- EditExtension -->
  <testcase name="ApproveRequestOrder" time="0.0" classname="com.crm.qa.testcases.SanityScreenerTest">
    <skipped/>
  </testcase> <!-- ApproveRequestOrder -->
  <testcase name="EditTheOrder" time="0.0" classname="com.crm.qa.testcases.SanityScreenerTest">
    <skipped/>
  </testcase> <!-- EditTheOrder -->
  <testcase name="ManualExpiry" time="0.0" classname="com.crm.qa.testcases.SanityScreenerTest">
    <skipped/>
  </testcase> <!-- ManualExpiry -->
  <testcase name="DeletePublishOrder" time="0.0" classname="com.crm.qa.testcases.SanityScreenerTest">
    <skipped/>
  </testcase> <!-- DeletePublishOrder -->
</testsuite> <!-- Test -->
